INFO:sim:172 - Generating IP...
Resolving generics for 'myvgaram'...
Applying external generics to 'myvgaram'...
Delivering associated files for 'myvgaram'...
Delivering EJava files for 'myvgaram'...
Generating implementation netlist for 'myvgaram'...
INFO:sim - Pre-processing HDL files for 'myvgaram'...
Running synthesis for 'myvgaram'
Running ngcbuild...
Writing VHO instantiation template for 'myvgaram'...
Writing VHDL behavioral simulation model for 'myvgaram'...
WARNING:sim - Overwriting existing file
   /home/yihangchaoren/Desktop/disgusting-homework/ipcore_dir/tmp/_cg/myvgaram/d
   oc/blk_mem_gen_v7_3_vinfo.html with file from view xilinx_documentation
Delivered 1 file into directory
/home/yihangchaoren/Desktop/disgusting-homework/ipcore_dir/tmp/_cg/myvgaram
Generating ASY schematic symbol...
INFO:sim:949 - Finished generation of ASY schematic symbol.
Generating SYM schematic symbol for 'myvgaram'...
Generating metadata file...
Generating ISE project file for 'myvgaram'...
Generating ISE project...
XCO file found: myvgaram.xco
XMDF file found: myvgaram_xmdf.tcl
Adding
/home/yihangchaoren/Desktop/disgusting-homework/ipcore_dir/tmp/_cg/myvgaram.asy
-view all -origin_type imported
Adding
/home/yihangchaoren/Desktop/disgusting-homework/ipcore_dir/tmp/_cg/myvgaram.ngc
-view all -origin_type created
Checking file
"/home/yihangchaoren/Desktop/disgusting-homework/ipcore_dir/tmp/_cg/myvgaram.ngc
" for project device match ...
File
"/home/yihangchaoren/Desktop/disgusting-homework/ipcore_dir/tmp/_cg/myvgaram.ngc
" device information matches project device.
Adding
/home/yihangchaoren/Desktop/disgusting-homework/ipcore_dir/tmp/_cg/myvgaram.sym
-view all -origin_type imported
Adding
/home/yihangchaoren/Desktop/disgusting-homework/ipcore_dir/tmp/_cg/myvgaram.vhd
-view all -origin_type created
INFO:HDLCompiler:1061 - Parsing VHDL file
   "/home/yihangchaoren/Desktop/disgusting-homework/ipcore_dir/tmp/_cg/myvgaram.
   vhd" into library work
INFO:ProjectMgmt - Parsing design hierarchy completed successfully.
Adding
/home/yihangchaoren/Desktop/disgusting-homework/ipcore_dir/tmp/_cg/myvgaram.vho
-view all -origin_type imported
INFO:TclTasksC:2116 - The automatic calculation of top has been turned-off.
   Please set the new top explicitly by running the "project set top" command.
   To re-calculate the new top automatically, set the "Auto Implementation Top"
   property to true.
Top level has been set to "/myvgaram"
Generating README file...
Generating FLIST file...
INFO:sim:948 - Finished FLIST file generation.
Launching README viewer...
Moving files to output directory...
Finished moving files to output directory
Wrote CGP file for project 'myvgaram'.
